<?xml version="1.0" encoding="UTF-8"?>
<!-- Generated by org.testng.reporters.JUnitReportReporter -->
<testsuite hostname="DESKTOP-RevatiQA" failures="0" tests="1" name="Test_cases.Base_testcases" time="12.127" errors="0" timestamp="2025-04-07T17:18:40 IST" skipped="0">
  <testcase classname="Test_cases.Base_testcases" name="setup" time="12.127"/>
</testsuite> <!-- Test_cases.Base_testcases -->
